-------------------------------------------------------------------------------
Test set: com.pat.avltree.AVLTreeTest
-------------------------------------------------------------------------------
Tests run: 7, Failures: 1, Errors: 0, Skipped: 0, Time elapsed: 0.049 sec <<< FAILURE! - in com.pat.avltree.AVLTreeTest
findBug(com.pat.avltree.AVLTreeTest)  Time elapsed: 0.003 sec  <<< FAILURE!
java.lang.AssertionError: Exception java.lang.NullPointerException
	at org.junit.Assert.fail(Assert.java:88)
	at com.pat.avltree.AVLTreeTest.findBug(AVLTreeTest.java:112)

